0 info it worked if it ends with ok
1 verbose cli [ '/usr/local/bin/node',
1 verbose cli   '/usr/local/bin/npm',
1 verbose cli   'install',
1 verbose cli   'ngResource' ]
2 info using npm@2.15.0
3 info using node@v4.4.2
4 verbose install initial load of /Applications/MAMP/htdocs/angular_contacts/package.json
5 verbose readDependencies loading dependencies from /Applications/MAMP/htdocs/angular_contacts/package.json
6 silly cache add args [ 'ngResource', null ]
7 verbose cache add spec ngResource
8 silly cache add parsed spec Result {
8 silly cache add   raw: 'ngResource',
8 silly cache add   scope: null,
8 silly cache add   name: 'ngResource',
8 silly cache add   rawSpec: '',
8 silly cache add   spec: 'latest',
8 silly cache add   type: 'tag' }
9 silly addNamed ngResource@latest
10 verbose addNamed "latest" is being treated as a dist-tag for ngResource
11 info addNameTag [ 'ngResource', 'latest' ]
12 silly mapToRegistry name ngResource
13 silly mapToRegistry using default registry
14 silly mapToRegistry registry https://registry.npmjs.org/
15 silly mapToRegistry data Result {
15 silly mapToRegistry   raw: 'ngResource',
15 silly mapToRegistry   scope: null,
15 silly mapToRegistry   name: 'ngResource',
15 silly mapToRegistry   rawSpec: '',
15 silly mapToRegistry   spec: 'latest',
15 silly mapToRegistry   type: 'tag' }
16 silly mapToRegistry uri https://registry.npmjs.org/ngResource
17 verbose addNameTag registry:https://registry.npmjs.org/ngResource not in flight; fetching
18 verbose request uri https://registry.npmjs.org/ngResource
19 verbose request no auth needed
20 info attempt registry request try #1 at 11:03:32 PM
21 verbose request id 2a3f4dbb22c96875
22 http request GET https://registry.npmjs.org/ngResource
23 http 404 https://registry.npmjs.org/ngResource
24 verbose headers { 'content-type': 'application/json',
24 verbose headers   'cache-control': 'max-age=0',
24 verbose headers   'content-length': '2',
24 verbose headers   'accept-ranges': 'bytes',
24 verbose headers   date: 'Thu, 04 Aug 2016 06:03:33 GMT',
24 verbose headers   via: '1.1 varnish',
24 verbose headers   age: '0',
24 verbose headers   connection: 'keep-alive',
24 verbose headers   'x-served-by': 'cache-sjc3148-SJC',
24 verbose headers   'x-cache': 'MISS',
24 verbose headers   'x-cache-hits': '0',
24 verbose headers   'x-timer': 'S1470290613.299066,VS0,VE36',
24 verbose headers   vary: 'Accept-Encoding' }
25 silly get cb [ 404,
25 silly get   { 'content-type': 'application/json',
25 silly get     'cache-control': 'max-age=0',
25 silly get     'content-length': '2',
25 silly get     'accept-ranges': 'bytes',
25 silly get     date: 'Thu, 04 Aug 2016 06:03:33 GMT',
25 silly get     via: '1.1 varnish',
25 silly get     age: '0',
25 silly get     connection: 'keep-alive',
25 silly get     'x-served-by': 'cache-sjc3148-SJC',
25 silly get     'x-cache': 'MISS',
25 silly get     'x-cache-hits': '0',
25 silly get     'x-timer': 'S1470290613.299066,VS0,VE36',
25 silly get     vary: 'Accept-Encoding' } ]
26 verbose stack Error: Registry returned 404 for GET on https://registry.npmjs.org/ngResource
26 verbose stack     at makeError (/usr/local/lib/node_modules/npm/node_modules/npm-registry-client/lib/request.js:264:12)
26 verbose stack     at CachingRegistryClient.<anonymous> (/usr/local/lib/node_modules/npm/node_modules/npm-registry-client/lib/request.js:242:14)
26 verbose stack     at Request._callback (/usr/local/lib/node_modules/npm/node_modules/npm-registry-client/lib/request.js:172:14)
26 verbose stack     at Request.self.callback (/usr/local/lib/node_modules/npm/node_modules/request/request.js:199:22)
26 verbose stack     at emitTwo (events.js:87:13)
26 verbose stack     at Request.emit (events.js:172:7)
26 verbose stack     at Request.<anonymous> (/usr/local/lib/node_modules/npm/node_modules/request/request.js:1036:10)
26 verbose stack     at emitOne (events.js:82:20)
26 verbose stack     at Request.emit (events.js:169:7)
26 verbose stack     at IncomingMessage.<anonymous> (/usr/local/lib/node_modules/npm/node_modules/request/request.js:963:12)
27 verbose statusCode 404
28 verbose pkgid ngResource
29 verbose cwd /Applications/MAMP/htdocs/angular_contacts
30 error Darwin 14.5.0
31 error argv "/usr/local/bin/node" "/usr/local/bin/npm" "install" "ngResource"
32 error node v4.4.2
33 error npm  v2.15.0
34 error code E404
35 error 404 Registry returned 404 for GET on https://registry.npmjs.org/ngResource
35 error 404
35 error 404 'ngResource' is not in the npm registry.
35 error 404 Your package name is not valid, because
35 error 404
35 error 404  1. name can no longer contain capital letters
35 error 404
35 error 404 Note that you can also install from a
35 error 404 tarball, folder, http url, or git url.
36 verbose exit [ 1, true ]
